<?xml version="1.0" encoding="UTF-8"?>
<!-- Generated by org.testng.reporters.JUnitReportReporter -->
<testsuite hostname="liut44194" failures="0" tests="4" name="api.test.UserTests" time="5.959" errors="0" timestamp="2025-02-07T19:13:21 PST" skipped="0">
  <testcase classname="api.test.UserTests" name="testPostUser" time="3.353"/>
  <testcase classname="api.test.UserTests" name="testGetUser" time="1.212"/>
  <testcase classname="api.test.UserTests" name="testUpdateUser" time="0.987"/>
  <testcase classname="api.test.UserTests" name="testDeleteUser" time="0.407"/>
</testsuite> <!-- api.test.UserTests -->
