<?xml version="1.0" encoding="UTF-8"?>
<!-- Generated by org.testng.reporters.JUnitReportReporter -->
<testsuite hostname="liut44194" failures="0" tests="4" name="api.test.UserTests2_useUserEndpoint2" time="5.706" errors="0" timestamp="2025-02-12T14:02:55 PST" skipped="0">
  <testcase classname="api.test.UserTests2_useUserEndpoint2" name="testPostUser" time="3.231"/>
  <testcase classname="api.test.UserTests2_useUserEndpoint2" name="testGetUser" time="1.222"/>
  <testcase classname="api.test.UserTests2_useUserEndpoint2" name="testUpdateUser" time="0.833"/>
  <testcase classname="api.test.UserTests2_useUserEndpoint2" name="testDeleteUser" time="0.420"/>
</testsuite> <!-- api.test.UserTests2_useUserEndpoint2 -->
