<?xml version="1.0" encoding="UTF-8"?>
<!-- Generated by org.testng.reporters.JUnitReportReporter -->
<testsuite hostname="liut44194" failures="0" tests="6" name="api.test.DDTest" time="11.450" errors="0" timestamp="2025-02-07T16:35:18 PST" skipped="0">
  <testcase classname="api.test.DDTest" name="testPostUser" time="0.406"/>
  <testcase classname="api.test.DDTest" name="testPostUser" time="3.101"/>
  <testcase classname="api.test.DDTest" name="testPostUser" time="0.580"/>
  <testcase classname="api.test.DDTest" name="testDeleteUser" time="2.409"/>
  <testcase classname="api.test.DDTest" name="testDeleteUser" time="2.535"/>
  <testcase classname="api.test.DDTest" name="testDeleteUser" time="2.419"/>
</testsuite> <!-- api.test.DDTest -->
