<?xml version="1.0" encoding="UTF-8"?>
<!-- Generated by org.testng.reporters.JUnitReportReporter -->
<testsuite hostname="liut44194" failures="0" tests="4" name="api.test.UserTests2_useUserEndpoint2" time="6.477" errors="0" timestamp="2025-02-12T14:09:42 PST" skipped="0">
  <testcase classname="api.test.UserTests2_useUserEndpoint2" name="testPostUser" time="3.780"/>
  <testcase classname="api.test.UserTests2_useUserEndpoint2" name="testGetUser" time="1.286"/>
  <testcase classname="api.test.UserTests2_useUserEndpoint2" name="testUpdateUser" time="0.827"/>
  <testcase classname="api.test.UserTests2_useUserEndpoint2" name="testDeleteUser" time="0.584"/>
</testsuite> <!-- api.test.UserTests2_useUserEndpoint2 -->
